VCANSApp/app/build/outputs/logs/manifest-merger-release-report.txt
-- Merging decision tree log ---
manifest
ADDED from src\main\AndroidManifest.xml:2:1-435:12
	package
		ADDED from src\main\AndroidManifest.xml:3:5-32
		INJECTED from src\main\AndroidManifest.xml
		INJECTED from src\main\AndroidManifest.xml
	android:versionName
		ADDED from src\main\AndroidManifest.xml:5:5-39
		INJECTED from src\main\AndroidManifest.xml
		INJECTED from src\main\AndroidManifest.xml
	android:versionCode
		ADDED from src\main\AndroidManifest.xml:4:5-28
		INJECTED from src\main\AndroidManifest.xml
		INJECTED from src\main\AndroidManifest.xml
	xmlns:android
		ADDED from src\main\AndroidManifest.xml:2:11-69
uses-sdk
ADDED from src\main\AndroidManifest.xml:7:5-9:41
MERGED from [com.android.support:recyclerview-v7:21.0.0] AndroidManifest.xml:15:5-42
MERGED from [com.android.support:cardview-v7:25.2.0] AndroidManifest.xml:20:5-43
MERGED from [com.android.support:appcompat-v7:23.4.0] AndroidManifest.xml:21:5-23:78
MERGED from [com.android.support:animated-vector-drawable:23.4.0] AndroidManifest.xml:5:5-44
MERGED from [com.android.support:support-vector-drawable:23.4.0] AndroidManifest.xml:5:5-43
MERGED from [com.android.support:support-v4:23.4.0] AndroidManifest.xml:20:5-43
MERGED from [com.android.support.constraint:constraint-layout:1.0.0-alpha7] AndroidManifest.xml:5:5-7:41
	tools:overrideLibrary
		ADDED from [com.android.support:appcompat-v7:23.4.0] AndroidManifest.xml:23:9-75
	android:targetSdkVersion
		ADDED from src\main\AndroidManifest.xml:9:9-38
		INJECTED from src\main\AndroidManifest.xml
		INJECTED from src\main\AndroidManifest.xml
	android:minSdkVersion
		ADDED from src\main\AndroidManifest.xml:8:9-35
		INJECTED from src\main\AndroidManifest.xml
		INJECTED from src\main\AndroidManifest.xml
uses-feature#android.hardware.camera
ADDED from src\main\AndroidManifest.xml:11:5-60
	android:name
		ADDED from src\main\AndroidManifest.xml:11:19-57
uses-feature#android.hardware.camera.autofocus
ADDED from src\main\AndroidManifest.xml:12:5-70
	android:name
		ADDED from src\main\AndroidManifest.xml:12:19-67
uses-permission#android.permission.CAMERA
ADDED from src\main\AndroidManifest.xml:14:5-65
	android:name
		ADDED from src\main\AndroidManifest.xml:14:22-62
uses-permission#android.permission.WRITE_EXTERNAL_STORAGE
ADDED from src\main\AndroidManifest.xml:15:5-81
	android:name
		ADDED from src\main\AndroidManifest.xml:15:22-78
uses-permission#android.permission.READ_EXTERNAL_STORAGE
ADDED from src\main\AndroidManifest.xml:16:5-80
	android:name
		ADDED from src\main\AndroidManifest.xml:16:22-77
uses-permission#android.permission.READ_CONTACTS
ADDED from src\main\AndroidManifest.xml:18:5-72
	android:name
		ADDED from src\main\AndroidManifest.xml:18:22-69
uses-permission#android.permission.WRITE_CONTACTS
ADDED from src\main\AndroidManifest.xml:19:5-73
	android:name
		ADDED from src\main\AndroidManifest.xml:19:22-70
uses-permission#android.permission.VIBRATE
ADDED from src\main\AndroidManifest.xml:22:5-66
	android:name
		ADDED from src\main\AndroidManifest.xml:22:22-63
uses-permission#android.permission.INTERNET
ADDED from src\main\AndroidManifest.xml:24:5-67
	android:name
		ADDED from src\main\AndroidManifest.xml:24:22-64
uses-permission#android.permission.MOUNT_UNMOUNT_FILESYSTEMS
ADDED from src\main\AndroidManifest.xml:26:5-84
	android:name
		ADDED from src\main\AndroidManifest.xml:26:22-81
uses-permission#android.permission.ACCESS_WIFI_STATE
ADDED from src\main\AndroidManifest.xml:27:5-76
	android:name
		ADDED from src\main\AndroidManifest.xml:27:22-73
uses-permission#android.permission.CHANGE_WIFI_STATE
ADDED from src\main\AndroidManifest.xml:28:5-76
	android:name
		ADDED from src\main\AndroidManifest.xml:28:22-73
uses-permission#android.permission.ACCESS_NETWORK_STATE
ADDED from src\main\AndroidManifest.xml:29:5-79
	android:name
		ADDED from src\main\AndroidManifest.xml:29:22-76
uses-permission#android.permission.WAKE_LOCK
ADDED from src\main\AndroidManifest.xml:30:5-68
	android:name
		ADDED from src\main\AndroidManifest.xml:30:22-65
uses-permission#android.permission.READ_PHONE_STATE
ADDED from src\main\AndroidManifest.xml:31:5-75
	android:name
		ADDED from src\main\AndroidManifest.xml:31:22-72
application
ADDED from src\main\AndroidManifest.xml:36:5-433:19
MERGED from [com.android.support:recyclerview-v7:21.0.0] AndroidManifest.xml:17:5-19:19
MERGED from [com.android.support:cardview-v7:25.2.0] AndroidManifest.xml:22:5-20
MERGED from [com.android.support:appcompat-v7:23.4.0] AndroidManifest.xml:25:5-20
MERGED from [com.android.support:animated-vector-drawable:23.4.0] AndroidManifest.xml:7:5-20
MERGED from [com.android.support:support-vector-drawable:23.4.0] AndroidManifest.xml:7:5-20
MERGED from [com.android.support:support-v4:23.4.0] AndroidManifest.xml:22:5-20
MERGED from [com.android.support.constraint:constraint-layout:1.0.0-alpha7] AndroidManifest.xml:9:5-20
	android:label
		ADDED from src\main\AndroidManifest.xml:38:9-41
	android:icon
		ADDED from src\main\AndroidManifest.xml:37:9-39
	android:largeHeap
		ADDED from src\main\AndroidManifest.xml:39:9-33
activity#com.Vcan.activity.VCANSAppActivity
ADDED from src\main\AndroidManifest.xml:40:9-51:20
	android:screenOrientation
		ADDED from src\main\AndroidManifest.xml:43:13-49
	android:windowSoftInputMode
		ADDED from src\main\AndroidManifest.xml:45:13-52
	android:icon
		ADDED from src\main\AndroidManifest.xml:42:13-43
	android:theme
		ADDED from src\main\AndroidManifest.xml:44:13-58
	android:name
		ADDED from src\main\AndroidManifest.xml:41:13-45
intent-filter#android.intent.action.MAIN+android.intent.category.LAUNCHER
ADDED from src\main\AndroidManifest.xml:46:13-50:29
action#android.intent.action.MAIN
ADDED from src\main\AndroidManifest.xml:47:17-69
	android:name
		ADDED from src\main\AndroidManifest.xml:47:25-66
category#android.intent.category.LAUNCHER
ADDED from src\main\AndroidManifest.xml:49:17-77
	android:name
		ADDED from src\main\AndroidManifest.xml:49:27-74
receiver#com.vcans.tool.Receiver
ADDED from src\main\AndroidManifest.xml:53:9-60:20
	android:name
		ADDED from src\main\AndroidManifest.xml:53:19-57
intent-filter#android.intent.action.PACKAGE_ADDED+android.intent.action.PACKAGE_REMOVED
ADDED from src\main\AndroidManifest.xml:54:13-59:29
action#android.intent.action.PACKAGE_ADDED
ADDED from src\main\AndroidManifest.xml:55:17-78
	android:name
		ADDED from src\main\AndroidManifest.xml:55:25-75
action#android.intent.action.PACKAGE_REMOVED
ADDED from src\main\AndroidManifest.xml:56:17-80
	android:name
		ADDED from src\main\AndroidManifest.xml:56:25-77
data
ADDED from src\main\AndroidManifest.xml:58:17-50
	android:scheme
		ADDED from src\main\AndroidManifest.xml:58:23-47
activity#com.Vcan.activity.SplashActivity
ADDED from src\main\AndroidManifest.xml:62:9-65:52
	android:screenOrientation
		ADDED from src\main\AndroidManifest.xml:65:13-49
	android:launchMode
		ADDED from src\main\AndroidManifest.xml:64:13-44
	android:name
		ADDED from src\main\AndroidManifest.xml:63:13-43
activity#com.Vcan.activity.SysSet
ADDED from src\main\AndroidManifest.xml:66:9-69:52
	android:screenOrientation
		ADDED from src\main\AndroidManifest.xml:69:13-49
	android:launchMode
		ADDED from src\main\AndroidManifest.xml:68:13-44
	android:name
		ADDED from src\main\AndroidManifest.xml:67:13-35
activity#com.Vcan.activity.DPLogin
ADDED from src\main\AndroidManifest.xml:70:9-74:52
	android:screenOrientation
		ADDED from src\main\AndroidManifest.xml:74:13-49
	android:label
		ADDED from src\main\AndroidManifest.xml:72:13-45
	android:launchMode
		ADDED from src\main\AndroidManifest.xml:73:13-44
	android:name
		ADDED from src\main\AndroidManifest.xml:71:13-36
activity#com.Vcan.activity.DPMainAct
ADDED from src\main\AndroidManifest.xml:75:9-79:52
	android:screenOrientation
		ADDED from src\main\AndroidManifest.xml:79:13-49
	android:label
		ADDED from src\main\AndroidManifest.xml:77:13-45
	android:launchMode
		ADDED from src\main\AndroidManifest.xml:78:13-44
	android:name
		ADDED from src\main\AndroidManifest.xml:76:13-38
activity#com.Vcan.activity.DPTouPei
ADDED from src\main\AndroidManifest.xml:80:9-84:52
	android:screenOrientation
		ADDED from src\main\AndroidManifest.xml:84:13-49
	android:label
		ADDED from src\main\AndroidManifest.xml:82:13-45
	android:launchMode
		ADDED from src\main\AndroidManifest.xml:83:13-44
	android:name
		ADDED from src\main\AndroidManifest.xml:81:13-37
activity#com.Vcan.activity.DPTouPei1
ADDED from src\main\AndroidManifest.xml:85:9-89:52
	android:screenOrientation
		ADDED from src\main\AndroidManifest.xml:89:13-49
	android:label
		ADDED from src\main\AndroidManifest.xml:87:13-45
	android:launchMode
		ADDED from src\main\AndroidManifest.xml:88:13-44
	android:name
		ADDED from src\main\AndroidManifest.xml:86:13-38
activity#com.Vcan.activity.DPTouPei2
ADDED from src\main\AndroidManifest.xml:90:9-94:52
	android:screenOrientation
		ADDED from src\main\AndroidManifest.xml:94:13-49
	android:label
		ADDED from src\main\AndroidManifest.xml:92:13-45
	android:launchMode
		ADDED from src\main\AndroidManifest.xml:93:13-44
	android:name
		ADDED from src\main\AndroidManifest.xml:91:13-38
activity#com.Vcan.activity.DPProductIn
ADDED from src\main\AndroidManifest.xml:95:9-99:52
	android:screenOrientation
		ADDED from src\main\AndroidManifest.xml:99:13-49
	android:label
		ADDED from src\main\AndroidManifest.xml:97:13-45
	android:launchMode
		ADDED from src\main\AndroidManifest.xml:98:13-44
	android:name
		ADDED from src\main\AndroidManifest.xml:96:13-40
activity#com.Vcan.activity.DPProductIn2
ADDED from src\main\AndroidManifest.xml:100:9-104:52
	android:screenOrientation
		ADDED from src\main\AndroidManifest.xml:104:13-49
	android:label
		ADDED from src\main\AndroidManifest.xml:102:13-45
	android:launchMode
		ADDED from src\main\AndroidManifest.xml:103:13-44
	android:name
		ADDED from src\main\AndroidManifest.xml:101:13-41
activity#com.Vcan.activity.DPProductIn2_1
ADDED from src\main\AndroidManifest.xml:105:9-109:52
	android:screenOrientation
		ADDED from src\main\AndroidManifest.xml:109:13-49
	android:label
		ADDED from src\main\AndroidManifest.xml:107:13-45
	android:launchMode
		ADDED from src\main\AndroidManifest.xml:108:13-44
	android:name
		ADDED from src\main\AndroidManifest.xml:106:13-43
activity#com.Vcan.activity.DPProductIn3
ADDED from src\main\AndroidManifest.xml:110:9-114:52
	android:screenOrientation
		ADDED from src\main\AndroidManifest.xml:114:13-49
	android:label
		ADDED from src\main\AndroidManifest.xml:112:13-45
	android:launchMode
		ADDED from src\main\AndroidManifest.xml:113:13-44
	android:name
		ADDED from src\main\AndroidManifest.xml:111:13-41
activity#com.Vcan.activity.VcansLogin
ADDED from src\main\AndroidManifest.xml:115:9-118:52
	android:screenOrientation
		ADDED from src\main\AndroidManifest.xml:118:13-49
	android:label
		ADDED from src\main\AndroidManifest.xml:117:13-45
	android:name
		ADDED from src\main\AndroidManifest.xml:116:13-39
activity#com.Vcan.activity.DPMachining
ADDED from src\main\AndroidManifest.xml:119:9-123:52
	android:screenOrientation
		ADDED from src\main\AndroidManifest.xml:123:13-49
	android:label
		ADDED from src\main\AndroidManifest.xml:121:13-45
	android:launchMode
		ADDED from src\main\AndroidManifest.xml:122:13-44
	android:name
		ADDED from src\main\AndroidManifest.xml:120:13-40
activity#com.Vcan.activity.DPMachining2
ADDED from src\main\AndroidManifest.xml:124:9-128:52
	android:screenOrientation
		ADDED from src\main\AndroidManifest.xml:128:13-49
	android:label
		ADDED from src\main\AndroidManifest.xml:126:13-45
	android:launchMode
		ADDED from src\main\AndroidManifest.xml:127:13-44
	android:name
		ADDED from src\main\AndroidManifest.xml:125:13-41
activity#com.Vcan.activity.DPDetailInfo
ADDED from src\main\AndroidManifest.xml:129:9-133:52
	android:screenOrientation
		ADDED from src\main\AndroidManifest.xml:133:13-49
	android:label
		ADDED from src\main\AndroidManifest.xml:131:13-45
	android:launchMode
		ADDED from src\main\AndroidManifest.xml:132:13-44
	android:name
		ADDED from src\main\AndroidManifest.xml:130:13-41
activity#com.Vcan.activity.DPErrorDetail
ADDED from src\main\AndroidManifest.xml:134:9-138:52
	android:screenOrientation
		ADDED from src\main\AndroidManifest.xml:138:13-49
	android:label
		ADDED from src\main\AndroidManifest.xml:136:13-45
	android:launchMode
		ADDED from src\main\AndroidManifest.xml:137:13-44
	android:name
		ADDED from src\main\AndroidManifest.xml:135:13-42
activity#com.Vcan.activity.DPPeibuIn
ADDED from src\main\AndroidManifest.xml:139:9-143:52
	android:screenOrientation
		ADDED from src\main\AndroidManifest.xml:143:13-49
	android:label
		ADDED from src\main\AndroidManifest.xml:141:13-45
	android:launchMode
		ADDED from src\main\AndroidManifest.xml:142:13-44
	android:name
		ADDED from src\main\AndroidManifest.xml:140:13-38
activity#com.Vcan.activity.DPPeibuIn1
ADDED from src\main\AndroidManifest.xml:144:9-148:52
	android:screenOrientation
		ADDED from src\main\AndroidManifest.xml:148:13-49
	android:label
		ADDED from src\main\AndroidManifest.xml:146:13-45
	android:launchMode
		ADDED from src\main\AndroidManifest.xml:147:13-44
	android:name
		ADDED from src\main\AndroidManifest.xml:145:13-39
activity#com.Vcan.activity.DPPeibuIn2
ADDED from src\main\AndroidManifest.xml:149:9-153:52
	android:screenOrientation
		ADDED from src\main\AndroidManifest.xml:153:13-49
	android:label
		ADDED from src\main\AndroidManifest.xml:151:13-45
	android:launchMode
		ADDED from src\main\AndroidManifest.xml:152:13-44
	android:name
		ADDED from src\main\AndroidManifest.xml:150:13-39
activity#com.Vcan.activity.DPRZTask
ADDED from src\main\AndroidManifest.xml:154:9-158:52
	android:screenOrientation
		ADDED from src\main\AndroidManifest.xml:158:13-49
	android:label
		ADDED from src\main\AndroidManifest.xml:156:13-45
	android:launchMode
		ADDED from src\main\AndroidManifest.xml:157:13-44
	android:name
		ADDED from src\main\AndroidManifest.xml:155:13-37
activity#com.Vcan.activity.DPRZTask1
ADDED from src\main\AndroidManifest.xml:159:9-163:52
	android:screenOrientation
		ADDED from src\main\AndroidManifest.xml:163:13-49
	android:label
		ADDED from src\main\AndroidManifest.xml:161:13-45
	android:launchMode
		ADDED from src\main\AndroidManifest.xml:162:13-44
	android:name
		ADDED from src\main\AndroidManifest.xml:160:13-38
activity#com.Vcan.activity.DPRZCost
ADDED from src\main\AndroidManifest.xml:164:9-168:52
	android:screenOrientation
		ADDED from src\main\AndroidManifest.xml:168:13-49
	android:label
		ADDED from src\main\AndroidManifest.xml:166:13-45
	android:launchMode
		ADDED from src\main\AndroidManifest.xml:167:13-44
	android:name
		ADDED from src\main\AndroidManifest.xml:165:13-37
activity#com.Vcan.activity.DPRZCost1
ADDED from src\main\AndroidManifest.xml:169:9-173:52
	android:screenOrientation
		ADDED from src\main\AndroidManifest.xml:173:13-49
	android:label
		ADDED from src\main\AndroidManifest.xml:171:13-45
	android:launchMode
		ADDED from src\main\AndroidManifest.xml:172:13-44
	android:name
		ADDED from src\main\AndroidManifest.xml:170:13-38
activity#com.Vcan.activity.YPQuery
ADDED from src\main\AndroidManifest.xml:174:9-178:52
	android:screenOrientation
		ADDED from src\main\AndroidManifest.xml:178:13-49
	android:label
		ADDED from src\main\AndroidManifest.xml:176:13-45
	android:launchMode
		ADDED from src\main\AndroidManifest.xml:177:13-44
	android:name
		ADDED from src\main\AndroidManifest.xml:175:13-36
activity#com.Vcan.activity.YPExposition
ADDED from src\main\AndroidManifest.xml:179:9-184:52
	android:screenOrientation
		ADDED from src\main\AndroidManifest.xml:184:13-49
	android:label
		ADDED from src\main\AndroidManifest.xml:182:13-45
	android:launchMode
		ADDED from src\main\AndroidManifest.xml:183:13-44
	android:configChanges
		ADDED from src\main\AndroidManifest.xml:181:13-63
	android:name
		ADDED from src\main\AndroidManifest.xml:180:13-41
activity#com.Vcan.activity.YPExposition1
ADDED from src\main\AndroidManifest.xml:185:9-189:52
	android:screenOrientation
		ADDED from src\main\AndroidManifest.xml:189:13-49
	android:label
		ADDED from src\main\AndroidManifest.xml:187:13-45
	android:launchMode
		ADDED from src\main\AndroidManifest.xml:188:13-44
	android:name
		ADDED from src\main\AndroidManifest.xml:186:13-42
activity#com.Vcan.activity.YPBarcodeImage
ADDED from src\main\AndroidManifest.xml:190:9-194:52
	android:screenOrientation
		ADDED from src\main\AndroidManifest.xml:194:13-49
	android:label
		ADDED from src\main\AndroidManifest.xml:192:13-45
	android:launchMode
		ADDED from src\main\AndroidManifest.xml:193:13-44
	android:name
		ADDED from src\main\AndroidManifest.xml:191:13-43
activity#com.Vcan.activity.XYImageView
ADDED from src\main\AndroidManifest.xml:195:9-198:52
	android:screenOrientation
		ADDED from src\main\AndroidManifest.xml:198:13-49
	android:label
		ADDED from src\main\AndroidManifest.xml:197:13-45
	android:name
		ADDED from src\main\AndroidManifest.xml:196:13-40
activity#com.Vcan.activity.YPImageReplace
ADDED from src\main\AndroidManifest.xml:199:9-203:52
	android:screenOrientation
		ADDED from src\main\AndroidManifest.xml:203:13-49
	android:label
		ADDED from src\main\AndroidManifest.xml:202:13-45
	android:configChanges
		ADDED from src\main\AndroidManifest.xml:201:13-74
	android:name
		ADDED from src\main\AndroidManifest.xml:200:13-43
activity#com.Vcan.activity.YPQueryAll
ADDED from src\main\AndroidManifest.xml:204:9-208:52
	android:screenOrientation
		ADDED from src\main\AndroidManifest.xml:208:13-49
	android:label
		ADDED from src\main\AndroidManifest.xml:207:13-45
	android:configChanges
		ADDED from src\main\AndroidManifest.xml:206:13-74
	android:name
		ADDED from src\main\AndroidManifest.xml:205:13-39
activity#com.Vcan.activity.GDDirectOut
ADDED from src\main\AndroidManifest.xml:209:9-213:52
	android:screenOrientation
		ADDED from src\main\AndroidManifest.xml:213:13-49
	android:label
		ADDED from src\main\AndroidManifest.xml:212:13-45
	android:configChanges
		ADDED from src\main\AndroidManifest.xml:211:13-74
	android:name
		ADDED from src\main\AndroidManifest.xml:210:13-40
activity#com.Vcan.activity.GDDirectOut1
ADDED from src\main\AndroidManifest.xml:214:9-218:52
	android:screenOrientation
		ADDED from src\main\AndroidManifest.xml:218:13-49
	android:label
		ADDED from src\main\AndroidManifest.xml:217:13-45
	android:configChanges
		ADDED from src\main\AndroidManifest.xml:216:13-74
	android:name
		ADDED from src\main\AndroidManifest.xml:215:13-41
activity#com.Vcan.activity.GDDirectOut2
ADDED from src\main\AndroidManifest.xml:219:9-223:52
	android:screenOrientation
		ADDED from src\main\AndroidManifest.xml:223:13-49
	android:label
		ADDED from src\main\AndroidManifest.xml:222:13-45
	android:configChanges
		ADDED from src\main\AndroidManifest.xml:221:13-74
	android:name
		ADDED from src\main\AndroidManifest.xml:220:13-41
activity#com.Vcan.activity.GDDirectOut3
ADDED from src\main\AndroidManifest.xml:224:9-228:52
	android:screenOrientation
		ADDED from src\main\AndroidManifest.xml:228:13-49
	android:label
		ADDED from src\main\AndroidManifest.xml:227:13-45
	android:configChanges
		ADDED from src\main\AndroidManifest.xml:226:13-74
	android:name
		ADDED from src\main\AndroidManifest.xml:225:13-41
activity#com.Vcan.activity.GDBakModule
ADDED from src\main\AndroidManifest.xml:229:9-233:52
	android:screenOrientation
		ADDED from src\main\AndroidManifest.xml:233:13-49
	android:label
		ADDED from src\main\AndroidManifest.xml:232:13-45
	android:configChanges
		ADDED from src\main\AndroidManifest.xml:231:13-74
	android:name
		ADDED from src\main\AndroidManifest.xml:230:13-40
activity#com.Vcan.activity.GDBakModule1
ADDED from src\main\AndroidManifest.xml:234:9-238:52
	android:screenOrientation
		ADDED from src\main\AndroidManifest.xml:238:13-49
	android:label
		ADDED from src\main\AndroidManifest.xml:237:13-45
	android:configChanges
		ADDED from src\main\AndroidManifest.xml:236:13-74
	android:name
		ADDED from src\main\AndroidManifest.xml:235:13-41
activity#com.Vcan.activity.GDBakModule2
ADDED from src\main\AndroidManifest.xml:239:9-244:52
	android:screenOrientation
		ADDED from src\main\AndroidManifest.xml:244:13-49
	android:label
		ADDED from src\main\AndroidManifest.xml:242:13-45
	android:launchMode
		ADDED from src\main\AndroidManifest.xml:243:13-44
	android:configChanges
		ADDED from src\main\AndroidManifest.xml:241:13-74
	android:name
		ADDED from src\main\AndroidManifest.xml:240:13-41
activity#com.Vcan.activity.GDBakModule3
ADDED from src\main\AndroidManifest.xml:245:9-249:52
	android:screenOrientation
		ADDED from src\main\AndroidManifest.xml:249:13-49
	android:label
		ADDED from src\main\AndroidManifest.xml:248:13-45
	android:configChanges
		ADDED from src\main\AndroidManifest.xml:247:13-74
	android:name
		ADDED from src\main\AndroidManifest.xml:246:13-41
activity#com.Vcan.activity.GDBakModule4
ADDED from src\main\AndroidManifest.xml:250:9-254:52
	android:screenOrientation
		ADDED from src\main\AndroidManifest.xml:254:13-49
	android:label
		ADDED from src\main\AndroidManifest.xml:253:13-45
	android:configChanges
		ADDED from src\main\AndroidManifest.xml:252:13-74
	android:name
		ADDED from src\main\AndroidManifest.xml:251:13-41
activity#com.Vcan.activity.GDQuery
ADDED from src\main\AndroidManifest.xml:255:9-259:52
	android:screenOrientation
		ADDED from src\main\AndroidManifest.xml:259:13-49
	android:label
		ADDED from src\main\AndroidManifest.xml:258:13-45
	android:configChanges
		ADDED from src\main\AndroidManifest.xml:257:13-74
	android:name
		ADDED from src\main\AndroidManifest.xml:256:13-36
activity#com.Vcan.activity.GDQueryResult
ADDED from src\main\AndroidManifest.xml:260:9-264:52
	android:screenOrientation
		ADDED from src\main\AndroidManifest.xml:264:13-49
	android:label
		ADDED from src\main\AndroidManifest.xml:263:13-45
	android:configChanges
		ADDED from src\main\AndroidManifest.xml:262:13-74
	android:name
		ADDED from src\main\AndroidManifest.xml:261:13-42
activity#com.example.qr_codescan.MipcaActivityCapture
ADDED from src\main\AndroidManifest.xml:265:9-269:63
	android:screenOrientation
		ADDED from src\main\AndroidManifest.xml:268:13-49
	android:windowSoftInputMode
		ADDED from src\main\AndroidManifest.xml:269:13-60
	android:configChanges
		ADDED from src\main\AndroidManifest.xml:267:13-74
	android:name
		ADDED from src\main\AndroidManifest.xml:266:13-72
activity#cn.sharp.android.ncr.RecFromSdcard
ADDED from src\main\AndroidManifest.xml:270:9-273:58
	android:label
		ADDED from src\main\AndroidManifest.xml:272:13-45
	android:theme
		ADDED from src\main\AndroidManifest.xml:273:13-55
	android:name
		ADDED from src\main\AndroidManifest.xml:271:13-62
activity#cn.sharp.android.ncr.DisplayRecResult
ADDED from src\main\AndroidManifest.xml:274:9-282:20
	android:screenOrientation
		ADDED from src\main\AndroidManifest.xml:277:13-49
	android:label
		ADDED from src\main\AndroidManifest.xml:276:13-53
	android:theme
		ADDED from src\main\AndroidManifest.xml:278:13-55
	android:name
		ADDED from src\main\AndroidManifest.xml:275:13-65
intent-filter#cn.sharp.android.ncr.DisplayRecResult
ADDED from src\main\AndroidManifest.xml:279:13-281:29
action#cn.sharp.android.ncr.DisplayRecResult
ADDED from src\main\AndroidManifest.xml:280:17-80
	android:name
		ADDED from src\main\AndroidManifest.xml:280:25-77
activity#cn.sharp.android.ncr.PrefSettings
ADDED from src\main\AndroidManifest.xml:283:9-286:58
	android:label
		ADDED from src\main\AndroidManifest.xml:285:13-47
	android:theme
		ADDED from src\main\AndroidManifest.xml:286:13-55
	android:name
		ADDED from src\main\AndroidManifest.xml:284:13-61
activity#cn.sharp.android.ncr.StaticRecFromCamera
ADDED from src\main\AndroidManifest.xml:287:9-292:52
	android:screenOrientation
		ADDED from src\main\AndroidManifest.xml:291:13-50
	android:label
		ADDED from src\main\AndroidManifest.xml:290:13-73
	android:configChanges
		ADDED from src\main\AndroidManifest.xml:289:13-133
	android:theme
		ADDED from src\main\AndroidManifest.xml:292:13-49
	android:name
		ADDED from src\main\AndroidManifest.xml:288:13-68
activity#com.Vcan.activity.MpsdActivity
ADDED from src\main\AndroidManifest.xml:293:9-296:52
	android:screenOrientation
		ADDED from src\main\AndroidManifest.xml:296:13-49
	android:label
		ADDED from src\main\AndroidManifest.xml:295:13-56
	android:name
		ADDED from src\main\AndroidManifest.xml:294:13-41
receiver#com.Vcan.activity.MyBroadcastReceiver
ADDED from src\main\AndroidManifest.xml:298:9-302:20
	android:name
		ADDED from src\main\AndroidManifest.xml:298:19-54
activity#com.Vcan.activity.XiangQingActivity
ADDED from src\main\AndroidManifest.xml:304:9-308:58
	android:screenOrientation
		ADDED from src\main\AndroidManifest.xml:307:13-49
	android:label
		ADDED from src\main\AndroidManifest.xml:306:13-62
	android:theme
		ADDED from src\main\AndroidManifest.xml:308:13-55
	android:name
		ADDED from src\main\AndroidManifest.xml:305:13-46
activity#com.Vcan.activity.MpsbxqActivity
ADDED from src\main\AndroidManifest.xml:309:9-312:52
	android:screenOrientation
		ADDED from src\main\AndroidManifest.xml:312:13-49
	android:label
		ADDED from src\main\AndroidManifest.xml:311:13-58
	android:name
		ADDED from src\main\AndroidManifest.xml:310:13-43
activity#com.Vcan.activity.Pendingapproval
ADDED from src\main\AndroidManifest.xml:313:9-317:61
	android:screenOrientation
		ADDED from src\main\AndroidManifest.xml:316:13-49
	android:label
		ADDED from src\main\AndroidManifest.xml:315:13-67
	android:theme
		ADDED from src\main\AndroidManifest.xml:317:13-58
	android:name
		ADDED from src\main\AndroidManifest.xml:314:13-44
activity#com.Vcan.activity.Alreadyapprove
ADDED from src\main\AndroidManifest.xml:318:9-322:61
	android:screenOrientation
		ADDED from src\main\AndroidManifest.xml:321:13-49
	android:label
		ADDED from src\main\AndroidManifest.xml:320:13-66
	android:theme
		ADDED from src\main\AndroidManifest.xml:322:13-58
	android:name
		ADDED from src\main\AndroidManifest.xml:319:13-43
activity#com.Vcan.activity.Notapproved
ADDED from src\main\AndroidManifest.xml:323:9-327:61
	android:screenOrientation
		ADDED from src\main\AndroidManifest.xml:326:13-49
	android:label
		ADDED from src\main\AndroidManifest.xml:325:13-63
	android:theme
		ADDED from src\main\AndroidManifest.xml:327:13-58
	android:name
		ADDED from src\main\AndroidManifest.xml:324:13-40
activity#com.Vcan.activity.Pendingapproval0
ADDED from src\main\AndroidManifest.xml:328:9-332:50
	android:screenOrientation
		ADDED from src\main\AndroidManifest.xml:331:13-49
	android:label
		ADDED from src\main\AndroidManifest.xml:330:13-58
	android:theme
		ADDED from src\main\AndroidManifest.xml:332:13-47
	android:name
		ADDED from src\main\AndroidManifest.xml:329:13-45
activity#com.Vcan.activity.Pendingapproval01
ADDED from src\main\AndroidManifest.xml:333:9-336:52
	android:screenOrientation
		ADDED from src\main\AndroidManifest.xml:336:13-49
	android:label
		ADDED from src\main\AndroidManifest.xml:335:13-69
	android:name
		ADDED from src\main\AndroidManifest.xml:334:13-46
activity#com.Vcan.activity.Pendingapproval1
ADDED from src\main\AndroidManifest.xml:337:9-341:61
	android:screenOrientation
		ADDED from src\main\AndroidManifest.xml:340:13-49
	android:label
		ADDED from src\main\AndroidManifest.xml:339:13-68
	android:theme
		ADDED from src\main\AndroidManifest.xml:341:13-58
	android:name
		ADDED from src\main\AndroidManifest.xml:338:13-45
activity#com.Vcan.activity.Alreadyapprove1
ADDED from src\main\AndroidManifest.xml:342:9-347:67
	android:screenOrientation
		ADDED from src\main\AndroidManifest.xml:345:13-49
	android:label
		ADDED from src\main\AndroidManifest.xml:344:13-67
	android:windowSoftInputMode
		ADDED from src\main\AndroidManifest.xml:347:13-64
	android:theme
		ADDED from src\main\AndroidManifest.xml:346:13-47
	android:name
		ADDED from src\main\AndroidManifest.xml:343:13-44
activity#com.Vcan.activity.Notapproved1
ADDED from src\main\AndroidManifest.xml:348:9-352:50
	android:screenOrientation
		ADDED from src\main\AndroidManifest.xml:351:13-49
	android:label
		ADDED from src\main\AndroidManifest.xml:350:13-64
	android:theme
		ADDED from src\main\AndroidManifest.xml:352:13-47
	android:name
		ADDED from src\main\AndroidManifest.xml:349:13-41
activity#com.Vcan.activity.Pendingapproval001
ADDED from src\main\AndroidManifest.xml:353:9-357:50
	android:screenOrientation
		ADDED from src\main\AndroidManifest.xml:356:13-49
	android:label
		ADDED from src\main\AndroidManifest.xml:355:13-70
	android:theme
		ADDED from src\main\AndroidManifest.xml:357:13-47
	android:name
		ADDED from src\main\AndroidManifest.xml:354:13-47
activity#com.Vcan.activity.MlqdActivity
ADDED from src\main\AndroidManifest.xml:358:9-362:50
	android:screenOrientation
		ADDED from src\main\AndroidManifest.xml:361:13-49
	android:label
		ADDED from src\main\AndroidManifest.xml:360:13-56
	android:theme
		ADDED from src\main\AndroidManifest.xml:362:13-47
	android:name
		ADDED from src\main\AndroidManifest.xml:359:13-41
activity#com.Vcan.activity.MlqdActivity1
ADDED from src\main\AndroidManifest.xml:363:9-369:50
	android:screenOrientation
		ADDED from src\main\AndroidManifest.xml:368:13-49
	android:label
		ADDED from src\main\AndroidManifest.xml:365:13-66
	android:launchMode
		ADDED from src\main\AndroidManifest.xml:367:13-44
	android:windowSoftInputMode
		ADDED from src\main\AndroidManifest.xml:366:13-54
	android:theme
		ADDED from src\main\AndroidManifest.xml:369:13-47
	android:name
		ADDED from src\main\AndroidManifest.xml:364:13-42
activity#com.Vcan.activity.MlqdActivity2
ADDED from src\main\AndroidManifest.xml:370:9-375:50
	android:screenOrientation
		ADDED from src\main\AndroidManifest.xml:374:13-49
	android:label
		ADDED from src\main\AndroidManifest.xml:372:13-66
	android:launchMode
		ADDED from src\main\AndroidManifest.xml:373:13-44
	android:theme
		ADDED from src\main\AndroidManifest.xml:375:13-47
	android:name
		ADDED from src\main\AndroidManifest.xml:371:13-42
activity#com.Vcan.activity.MlqdActivity3